<?xml version="1.0" encoding="UTF-8"?>
<!-- Generated by org.testng.reporters.JUnitXMLReporter -->
<testsuite hostname="DESKTOP-K368PMN" ignored="0" name="Default test" tests="4" failures="0" timestamp="28 Jan 2020 04:14:23 GMT" time="48.878" errors="0">
  <testcase name="createContactsTest" time="7.96" classname="com.qa.rtp.test.ContactPageTest"/>
  <testcase name="createContactsTest" time="7.061" classname="com.qa.rtp.test.ContactPageTest"/>
  <testcase name="createContactsTest" time="7.681" classname="com.qa.rtp.test.ContactPageTest"/>
  <testcase name="verifyContactsPageTitle" time="5.049" classname="com.qa.rtp.test.ContactPageTest"/>
</testsuite> <!-- Default test -->
