<?xml version="1.0" encoding="UTF-8"?>
<testng-results skipped="0" failed="0" ignored="0" total="4" passed="4">
  <reporter-output>
  </reporter-output>
  <suite name="Default suite" duration-ms="48878" started-at="2020-01-28T04:13:34Z" finished-at="2020-01-28T04:14:23Z">
    <groups>
    </groups>
    <test name="Default test" duration-ms="48878" started-at="2020-01-28T04:13:34Z" finished-at="2020-01-28T04:14:23Z">
      <class name="com.qa.rtp.test.ContactPageTest">
        <test-method status="PASS" signature="setup()[pri:0, instance:com.qa.rtp.test.ContactPageTest@47c62251]" name="setup" is-config="true" duration-ms="19268" started-at="2020-01-27T23:13:34Z" finished-at="2020-01-27T23:13:54Z">
          <reporter-output>
          </reporter-output>
        </test-method> <!-- setup -->
        <test-method status="PASS" signature="createContactsTest(java.lang.String, java.lang.String, java.lang.String, java.lang.String)[pri:0, instance:com.qa.rtp.test.ContactPageTest@47c62251]" name="createContactsTest" duration-ms="7960" started-at="2020-01-27T23:13:55Z" data-provider="getContactsTestData" finished-at="2020-01-27T23:14:03Z">
          <params>
            <param index="0">
              <value>
                <![CDATA[Jim1.Harding@gmail.com]]>
              </value>
            </param>
            <param index="1">
              <value>
                <![CDATA[Jim]]>
              </value>
            </param>
            <param index="2">
              <value>
                <![CDATA[Harding]]>
              </value>
            </param>
            <param index="3">
              <value>
                <![CDATA[QA lead]]>
              </value>
            </param>
          </params>
          <reporter-output>
          </reporter-output>
        </test-method> <!-- createContactsTest -->
        <test-method status="PASS" signature="createContactsTest(java.lang.String, java.lang.String, java.lang.String, java.lang.String)[pri:0, instance:com.qa.rtp.test.ContactPageTest@47c62251]" name="createContactsTest" duration-ms="7061" started-at="2020-01-27T23:14:03Z" data-provider="getContactsTestData" finished-at="2020-01-27T23:14:10Z">
          <params>
            <param index="0">
              <value>
                <![CDATA[Eric.tuck@gmail.com]]>
              </value>
            </param>
            <param index="1">
              <value>
                <![CDATA[Eric]]>
              </value>
            </param>
            <param index="2">
              <value>
                <![CDATA[Tuck]]>
              </value>
            </param>
            <param index="3">
              <value>
                <![CDATA[QA manager]]>
              </value>
            </param>
          </params>
          <reporter-output>
          </reporter-output>
        </test-method> <!-- createContactsTest -->
        <test-method status="PASS" signature="createContactsTest(java.lang.String, java.lang.String, java.lang.String, java.lang.String)[pri:0, instance:com.qa.rtp.test.ContactPageTest@47c62251]" name="createContactsTest" duration-ms="7681" started-at="2020-01-27T23:14:10Z" data-provider="getContactsTestData" finished-at="2020-01-27T23:14:17Z">
          <params>
            <param index="0">
              <value>
                <![CDATA[Bill.withro@gmail.com]]>
              </value>
            </param>
            <param index="1">
              <value>
                <![CDATA[Bill]]>
              </value>
            </param>
            <param index="2">
              <value>
                <![CDATA[Withrow]]>
              </value>
            </param>
            <param index="3">
              <value>
                <![CDATA[Dev manager]]>
              </value>
            </param>
          </params>
          <reporter-output>
          </reporter-output>
        </test-method> <!-- createContactsTest -->
        <test-method status="PASS" signature="verifyContactsPageTitle()[pri:0, instance:com.qa.rtp.test.ContactPageTest@47c62251]" name="verifyContactsPageTitle" duration-ms="5049" started-at="2020-01-27T23:14:17Z" finished-at="2020-01-27T23:14:22Z">
          <reporter-output>
          </reporter-output>
        </test-method> <!-- verifyContactsPageTitle -->
        <test-method status="PASS" signature="quitbrowser()[pri:0, instance:com.qa.rtp.test.ContactPageTest@47c62251]" name="quitbrowser" is-config="true" duration-ms="838" started-at="2020-01-27T23:14:22Z" finished-at="2020-01-27T23:14:23Z">
          <reporter-output>
          </reporter-output>
        </test-method> <!-- quitbrowser -->
      </class> <!-- com.qa.rtp.test.ContactPageTest -->
    </test> <!-- Default test -->
  </suite> <!-- Default suite -->
</testng-results>
